0 info it worked if it ends with ok
1 verbose cli [ 'D:\\Program Files\\nodejs\\\\node.exe',
1 verbose cli   'D:\\Program Files\\nodejs\\node_modules\\npm\\bin\\npm-cli.js',
1 verbose cli   'start' ]
2 info using npm@1.4.28
3 info using node@v0.10.32
4 verbose node symlink D:\Program Files\nodejs\\node.exe
5 verbose run-script [ 'prestart', 'start', 'poststart' ]
6 info prestart ghost@0.5.5
7 info start ghost@0.5.5
8 verbose unsafe-perm in lifecycle true
9 info ghost@0.5.5 Failed to exec start script
10 error ghost@0.5.5 start: `node index`
10 error spawn OK
11 error Failed at the ghost@0.5.5 start script.
11 error This is most likely a problem with the ghost package,
11 error not with npm itself.
11 error Tell the author that this fails on your system:
11 error     node index
11 error You can get their info via:
11 error     npm owner ls ghost
11 error There is likely additional logging output above.
12 error System Windows_NT 6.1.7601
13 error command "D:\\Program Files\\nodejs\\\\node.exe" "D:\\Program Files\\nodejs\\node_modules\\npm\\bin\\npm-cli.js" "start"
14 error cwd E:\chenjunxyf\MyBlog\ghost
15 error node -v v0.10.32
16 error npm -v 1.4.28
17 error syscall spawn
18 error code ELIFECYCLE
19 error errno OK
20 verbose exit [ 1, true ]
